This is pdfTeX, Version 3.141592653-2.6-1.40.29 (TeX Live 2026) (preloaded format=pdflatex 2026.3.5)  6 MAR 2026 03:03
entering extended mode
 restricted \write18 enabled.
 %&-line parsing enabled.
**Week_1.tex
(./Week_1.tex
LaTeX2e <2025-11-01>
L3 programming layer <2026-01-19>
(c:/Users/markt/AppData/Roaming/TinyTeX/texmf-dist/tex/latex/base/article.cls
Document Class: article 2025/01/22 v1.4n Standard LaTeX document class
(c:/Users/markt/AppData/Roaming/TinyTeX/texmf-dist/tex/latex/base/size12.clo
File: size12.clo 2025/01/22 v1.4n Standard LaTeX file (size option)
)
\c@part=\count275
\c@section=\count276
\c@subsection=\count277
\c@subsubsection=\count278
\c@paragraph=\count279
\c@subparagraph=\count280
\c@figure=\count281
\c@table=\count282
\abovecaptionskip=\skip49
\belowcaptionskip=\skip50
\bibindent=\dimen148
) (c:/Users/markt/AppData/Roaming/TinyTeX/texmf-dist/tex/latex/geometry/geometry.sty
Package: geometry 2020/01/02 v5.9 Page Geometry
 (c:/Users/markt/AppData/Roaming/TinyTeX/texmf-dist/tex/latex/graphics/keyval.sty
Package: keyval 2022/05/29 v1.15 key=value parser (DPC)
\KV@toks@=\toks17
) (c:/Users/markt/AppData/Roaming/TinyTeX/texmf-dist/tex/generic/iftex/ifvtex.sty
Package: ifvtex 2019/10/25 v1.7 ifvtex legacy package. Use iftex instead.
 (c:/Users/markt/AppData/Roaming/TinyTeX/texmf-dist/tex/generic/iftex/iftex.sty
Package: iftex 2024/12/12 v1.0g TeX engine tests
))
\Gm@cnth=\count283
\Gm@cntv=\count284
\c@Gm@tempcnt=\count285
\Gm@bindingoffset=\dimen149
\Gm@wd@mp=\dimen150
\Gm@odd@mp=\dimen151
\Gm@even@mp=\dimen152
\Gm@layoutwidth=\dimen153
\Gm@layoutheight=\dimen154
\Gm@layouthoffset=\dimen155
\Gm@layoutvoffset=\dimen156
\Gm@dimlist=\toks18
) (c:/Users/markt/AppData/Roaming/TinyTeX/texmf-dist/tex/latex/graphics/graphicx.sty
Package: graphicx 2024/12/31 v1.2e Enhanced LaTeX Graphics (DPC,SPQR)
 (c:/Users/markt/AppData/Roaming/TinyTeX/texmf-dist/tex/latex/graphics/graphics.sty
Package: graphics 2024/08/06 v1.4g Standard LaTeX Graphics (DPC,SPQR)
 (c:/Users/markt/AppData/Roaming/TinyTeX/texmf-dist/tex/latex/graphics/trig.sty
Package: trig 2023/12/02 v1.11 sin cos tan (DPC)
) (c:/Users/markt/AppData/Roaming/TinyTeX/texmf-dist/tex/latex/graphics-cfg/graphics.cfg
File: graphics.cfg 2016/06/04 v1.11 sample graphics configuration
)
Package graphics Info: Driver file: pdftex.def on input line 106.
 (c:/Users/markt/AppData/Roaming/TinyTeX/texmf-dist/tex/latex/graphics-def/pdftex.def
File: pdftex.def 2025/09/29 v1.2d Graphics/color driver for pdftex
))
\Gin@req@height=\dimen157
\Gin@req@width=\dimen158
) (c:/Users/markt/AppData/Roaming/TinyTeX/texmf-dist/tex/latex/xcolor/xcolor.sty
Package: xcolor 2024/09/29 v3.02 LaTeX color extensions (UK)
 (c:/Users/markt/AppData/Roaming/TinyTeX/texmf-dist/tex/latex/graphics-cfg/color.cfg
File: color.cfg 2016/01/02 v1.6 sample color configuration
)
Package xcolor Info: Driver file: pdftex.def on input line 274.
 (c:/Users/markt/AppData/Roaming/TinyTeX/texmf-dist/tex/latex/graphics/mathcolor.ltx)
Package xcolor Info: Model `cmy' substituted by `cmy0' on input line 1349.
Package xcolor Info: Model `hsb' substituted by `rgb' on input line 1353.
Package xcolor Info: Model `RGB' extended on input line 1365.
Package xcolor Info: Model `HTML' substituted by `rgb' on input line 1367.
Package xcolor Info: Model `Hsb' substituted by `hsb' on input line 1368.
Package xcolor Info: Model `tHsb' substituted by `hsb' on input line 1369.
Package xcolor Info: Model `HSB' substituted by `hsb' on input line 1370.
Package xcolor Info: Model `Gray' substituted by `gray' on input line 1371.
Package xcolor Info: Model `wave' substituted by `hsb' on input line 1372.
) (c:/Users/markt/AppData/Roaming/TinyTeX/texmf-dist/tex/latex/listings/listings.sty
\lst@mode=\count286
\lst@gtempboxa=\box53
\lst@token=\toks19
\lst@length=\count287
\lst@currlwidth=\dimen159
\lst@column=\count288
\lst@pos=\count289
\lst@lostspace=\dimen160
\lst@width=\dimen161
\lst@newlines=\count290
\lst@lineno=\count291
\lst@maxwidth=\dimen162
 (c:/Users/markt/AppData/Roaming/TinyTeX/texmf-dist/tex/latex/listings/lstpatch.sty
File: lstpatch.sty 2025/11/14 1.11b (Carsten Heinz)
) (c:/Users/markt/AppData/Roaming/TinyTeX/texmf-dist/tex/latex/listings/lstmisc.sty
File: lstmisc.sty 2025/11/14 1.11b (Carsten Heinz)
\c@lstnumber=\count292
\lst@skipnumbers=\count293
\lst@framebox=\box54
) (c:/Users/markt/AppData/Roaming/TinyTeX/texmf-dist/tex/latex/listings/listings.cfg
File: listings.cfg 2025/11/14 1.11b listings configuration
))
Package: listings 2025/11/14 1.11b (Carsten Heinz)

==> First Aid for listings.sty no longer applied!
    Expected:
        2024/09/23 1.10c (Carsten Heinz)
    but found:
        2025/11/14 1.11b (Carsten Heinz)
    so I'm assuming it got fixed.
(c:/Users/markt/AppData/Roaming/TinyTeX/texmf-dist/tex/latex/booktabs/booktabs.sty
Package: booktabs 2020/01/12 v1.61803398 Publication quality tables
\heavyrulewidth=\dimen163
\lightrulewidth=\dimen164
\cmidrulewidth=\dimen165
\belowrulesep=\dimen166
\belowbottomsep=\dimen167
\aboverulesep=\dimen168
\abovetopsep=\dimen169
\cmidrulesep=\dimen170
\cmidrulekern=\dimen171
\defaultaddspace=\dimen172
\@cmidla=\count294
\@cmidlb=\count295
\@aboverulesep=\dimen173
\@belowrulesep=\dimen174
\@thisruleclass=\count296
\@lastruleclass=\count297
\@thisrulewidth=\dimen175
) (c:/Users/markt/AppData/Roaming/TinyTeX/texmf-dist/tex/latex/setspace/setspace.sty
Package: setspace 2022/12/04 v6.7b set line spacing
) (c:/Users/markt/AppData/Roaming/TinyTeX/texmf-dist/tex/latex/hyperref/hyperref.sty
Package: hyperref 2026-01-29 v7.01p Hypertext links for LaTeX
 (c:/Users/markt/AppData/Roaming/TinyTeX/texmf-dist/tex/latex/kvsetkeys/kvsetkeys.sty
Package: kvsetkeys 2022-10-05 v1.19 Key value parser (HO)
) (c:/Users/markt/AppData/Roaming/TinyTeX/texmf-dist/tex/generic/kvdefinekeys/kvdefinekeys.sty
Package: kvdefinekeys 2019-12-19 v1.6 Define keys (HO)
) (c:/Users/markt/AppData/Roaming/TinyTeX/texmf-dist/tex/generic/pdfescape/pdfescape.sty
Package: pdfescape 2019/12/09 v1.15 Implements pdfTeX's escape features (HO)
 (c:/Users/markt/AppData/Roaming/TinyTeX/texmf-dist/tex/generic/ltxcmds/ltxcmds.sty
Package: ltxcmds 2023-12-04 v1.26 LaTeX kernel commands for general use (HO)
) (c:/Users/markt/AppData/Roaming/TinyTeX/texmf-dist/tex/generic/pdftexcmds/pdftexcmds.sty
Package: pdftexcmds 2020-06-27 v0.33 Utility functions of pdfTeX for LuaTeX (HO)
 (c:/Users/markt/AppData/Roaming/TinyTeX/texmf-dist/tex/generic/infwarerr/infwarerr.sty
Package: infwarerr 2019/12/03 v1.5 Providing info/warning/error messages (HO)
)
Package pdftexcmds Info: \pdf@primitive is available.
Package pdftexcmds Info: \pdf@ifprimitive is available.
Package pdftexcmds Info: \pdfdraftmode found.
)) (c:/Users/markt/AppData/Roaming/TinyTeX/texmf-dist/tex/latex/hycolor/hycolor.sty
Package: hycolor 2020-01-27 v1.10 Color options for hyperref/bookmark (HO)
) (c:/Users/markt/AppData/Roaming/TinyTeX/texmf-dist/tex/latex/hyperref/nameref.sty
Package: nameref 2026-01-29 v2.58 Cross-referencing by name of section
 (c:/Users/markt/AppData/Roaming/TinyTeX/texmf-dist/tex/latex/refcount/refcount.sty
Package: refcount 2019/12/15 v3.6 Data extraction from label references (HO)
) (c:/Users/markt/AppData/Roaming/TinyTeX/texmf-dist/tex/generic/gettitlestring/gettitlestring.sty
Package: gettitlestring 2019/12/15 v1.6 Cleanup title references (HO)
 (c:/Users/markt/AppData/Roaming/TinyTeX/texmf-dist/tex/latex/kvoptions/kvoptions.sty
Package: kvoptions 2022-06-15 v3.15 Key value format for package options (HO)
))
\c@section@level=\count298
) (c:/Users/markt/AppData/Roaming/TinyTeX/texmf-dist/tex/latex/etoolbox/etoolbox.sty
Package: etoolbox 2025/10/02 v2.5m e-TeX tools for LaTeX (JAW)
\etb@tempcnta=\count299
) (c:/Users/markt/AppData/Roaming/TinyTeX/texmf-dist/tex/generic/stringenc/stringenc.sty
Package: stringenc 2019/11/29 v1.12 Convert strings between diff. encodings (HO)
)
\@linkdim=\dimen176
\Hy@linkcounter=\count300
\Hy@pagecounter=\count301
 (c:/Users/markt/AppData/Roaming/TinyTeX/texmf-dist/tex/latex/hyperref/pd1enc.def
File: pd1enc.def 2026-01-29 v7.01p Hyperref: PDFDocEncoding definition (HO)
Now handling font encoding PD1 ...
... no UTF-8 mapping file for font encoding PD1
) (c:/Users/markt/AppData/Roaming/TinyTeX/texmf-dist/tex/generic/intcalc/intcalc.sty
Package: intcalc 2019/12/15 v1.3 Expandable calculations with integers (HO)
)
\Hy@SavedSpaceFactor=\count302
 (c:/Users/markt/AppData/Roaming/TinyTeX/texmf-dist/tex/latex/hyperref/puenc.def
File: puenc.def 2026-01-29 v7.01p Hyperref: PDF Unicode definition (HO)
Now handling font encoding PU ...
... no UTF-8 mapping file for font encoding PU
)
Package hyperref Info: Hyper figures OFF on input line 4201.
Package hyperref Info: Link nesting OFF on input line 4206.
Package hyperref Info: Hyper index ON on input line 4209.
Package hyperref Info: Plain pages OFF on input line 4216.
Package hyperref Info: Backreferencing OFF on input line 4221.
Package hyperref Info: Implicit mode ON; LaTeX internals redefined.
Package hyperref Info: Bookmarks ON on input line 4468.
\c@Hy@tempcnt=\count303
 (c:/Users/markt/AppData/Roaming/TinyTeX/texmf-dist/tex/latex/url/url.sty
\Urlmuskip=\muskip17
Package: url 2013/09/16  ver 3.4  Verb mode for urls, etc.
)
LaTeX Info: Redefining \url on input line 4807.
\XeTeXLinkMargin=\dimen177
 (c:/Users/markt/AppData/Roaming/TinyTeX/texmf-dist/tex/generic/bitset/bitset.sty
Package: bitset 2019/12/09 v1.3 Handle bit-vector datatype (HO)
 (c:/Users/markt/AppData/Roaming/TinyTeX/texmf-dist/tex/generic/bigintcalc/bigintcalc.sty
Package: bigintcalc 2019/12/15 v1.5 Expandable calculations on big integers (HO)
))
\Fld@menulength=\count304
\Field@Width=\dimen178
\Fld@charsize=\dimen179
Package hyperref Info: Hyper figures OFF on input line 6084.
Package hyperref Info: Link nesting OFF on input line 6089.
Package hyperref Info: Hyper index ON on input line 6092.
Package hyperref Info: backreferencing OFF on input line 6099.
Package hyperref Info: Link coloring OFF on input line 6104.
Package hyperref Info: Link coloring with OCG OFF on input line 6109.
Package hyperref Info: PDF/A mode OFF on input line 6114.
\Hy@abspage=\count305
\c@Item=\count306
\c@Hfootnote=\count307
)
Package hyperref Info: Driver (autodetected): hpdftex.
 (c:/Users/markt/AppData/Roaming/TinyTeX/texmf-dist/tex/latex/hyperref/hpdftex.def
File: hpdftex.def 2026-01-29 v7.01p Hyperref driver for pdfTeX
\Fld@listcount=\count308
\c@bookmark@seq@number=\count309
 (c:/Users/markt/AppData/Roaming/TinyTeX/texmf-dist/tex/latex/rerunfilecheck/rerunfilecheck.sty
Package: rerunfilecheck 2025-06-21 v1.11 Rerun checks for auxiliary files (HO)
 (c:/Users/markt/AppData/Roaming/TinyTeX/texmf-dist/tex/generic/uniquecounter/uniquecounter.sty
Package: uniquecounter 2019/12/15 v1.4 Provide unlimited unique counter (HO)
)
Package uniquecounter Info: New unique counter `rerunfilecheck' on input line 284.
)
\Hy@SectionHShift=\skip51
) (c:/Users/markt/AppData/Roaming/TinyTeX/texmf-dist/tex/latex/tabularray/tabularray.sty
Package: tabularray 2025-11-27 v2025C Typeset tabulars and arrays with LaTeX3
 (c:/Users/markt/AppData/Roaming/TinyTeX/texmf-dist/tex/latex/ninecolors/ninecolors.sty
Package: ninecolors 2022-02-13 v2022D Select colors with proper color contrast
 (c:/Users/markt/AppData/Roaming/TinyTeX/texmf-dist/tex/latex/l3packages/xparse/xparse.sty (c:/Users/markt/AppData/Roaming/TinyTeX/texmf-dist/tex/latex/l3kernel/expl3.sty
Package: expl3 2026-01-19 L3 programming layer (loader) 
 (c:/Users/markt/AppData/Roaming/TinyTeX/texmf-dist/tex/latex/l3backend/l3backend-pdftex.def
File: l3backend-pdftex.def 2025-10-09 L3 backend support: PDF output (pdfTeX)
\l__color_backend_stack_int=\count310
))
Package: xparse 2025-10-09 L3 Experimental document command parser
))
\g__tblr_nohyper_int=\count311
\l__tblr_a_int=\count312
\l__tblr_c_int=\count313
\l__tblr_r_int=\count314
\l__tblr_d_dim=\dimen180
\l__tblr_h_dim=\dimen181
\l__tblr_o_dim=\dimen182
\l__tblr_p_dim=\dimen183
\l__tblr_q_dim=\dimen184
\l__tblr_r_dim=\dimen185
\l__tblr_s_dim=\dimen186
\l__tblr_t_dim=\dimen187
\l__tblr_v_dim=\dimen188
\l__tblr_w_dim=\dimen189
\l__tblr_a_box=\box55
\l__tblr_b_box=\box56
\l__tblr_c_box=\box57
\l__tblr_d_box=\box58
\c@tblrcount=\count315
\c@rownum=\count316
\c@colnum=\count317
\c@rowcount=\count318
\c@colcount=\count319
\abovesep=\dimen190
\belowsep=\dimen191
\leftsep=\dimen192
\rightsep=\dimen193
\gTblrLevelInt=\count320
\g__tblr_data_row_key_count_int=\count321
\g__tblr_data_column_key_count_int=\count322
\g__tblr_data_cell_key_count_int=\count323
\g__tblr_array_int=\count324
\l__tblr_key_count_int=\count325
\l__tblr_key_quotient_int=\count326
\l__tblr_key_quotient_two_int=\count327
\l__tblr_key_remainder_int=\count328
\g__tblr_data_str_value_count_int=\count329
\lTblrChildTotalInt=\count330
\lTblrChildHtotalInt=\count331
\lTblrChildVtotalInt=\count332
\l__child_diff_h_int=\count333
\l__child_diff_v_int=\count334
\l__child_sign_h_int=\count335
\l__child_sign_v_int=\count336
\l__child_step_int=\count337
\lTblrDefaultHruleWidthDim=\dimen194
\lTblrDefaultVruleWidthDim=\dimen195
\l__tblr_split_balance_int=\count338
\l__tblr_strut_dp_dim=\dimen196
\l__tblr_strut_ht_dim=\dimen197
\g__tblr_cell_wd_dim=\dimen198
\g__tblr_cell_ht_dim=\dimen199
\g__tblr_cell_head_dim=\dimen256
\g__tblr_cell_foot_dim=\dimen257
\l__tblr_measured_cell_box=\box59
\g__tblr_last_box=\box60
\l__tblr_temp_box=\box61
\l__tblr_column_target_dim=\dimen258
\l__tblr_hfuzz_dim=\dimen259
\l__tblr_caption_box=\box62
\l__tblr_caption_left_box=\box63
\lTblrRowHeadInt=\count339
\lTblrRowFootInt=\count340
\l__tblr_row_head_box=\box64
\l__tblr_row_foot_box=\box65
\l__tblr_row_head_foot_dim=\dimen260
\lTblrTableWidthDim=\dimen261
\l__tblr_table_firsthead_box=\box66
\l__tblr_table_middlehead_box=\box67
\l__tblr_table_lasthead_box=\box68
\l__tblr_table_firstfoot_box=\box69
\l__tblr_table_middlefoot_box=\box70
\l__tblr_table_lastfoot_box=\box71
\l__tblr_remain_height_dim=\dimen262
\l__tblr_next_rows_dim=\dimen263
\l__tblr_page_overfill_dim=\dimen264
\l__tblr_long_from_int=\count341
\l__tblr_long_to_int=\count342
\l__tblr_curr_i_int=\count343
\l__tblr_prev_i_int=\count344
\lTblrTablePageInt=\count345
\l__tblr_table_head_box=\box72
\l__tblr_table_foot_box=\box73
\l__tblr_table_head_foot_dim=\dimen265
\l__tblr_table_head_body_foot_dim=\dimen266
\l__tblr_table_box=\box74
\lTblrRowFirstInt=\count346
\lTblrRowLastInt=\count347
\l__tblr_cover_box_a_dim=\dimen267
\l__tblr_cover_box_b_dim=\dimen268
\l__tblr_table_hlines_box=\box75
\l__tblr_hline_box=\box76
\l__tblr_row_box=\box77
\l__tblr_col_o_wd_dim=\dimen269
\l__tblr_col_b_wd_dim=\dimen270
\l__tblr_hline_leftskip_dim=\dimen271
\l__tblr_hline_rightskip_dim=\dimen272
\l__tblr_row_ht_dim=\dimen273
\l__tblr_row_dp_dim=\dimen274
\l__tblr_row_abovesep_dim=\dimen275
\l__tblr_row_belowsep_dim=\dimen276
\l__tblr_row_vlines_box=\box78
\l__tblr_vline_box=\box79
\l__tblr_cell_box=\box80
\l__tblr_row_upper_dim=\dimen277
\l__tblr_row_lower_dim=\dimen278
\l__tblr_row_vpace_dim=\dimen279
\l__tblr_vline_aboveskip_dim=\dimen280
\l__tblr_vline_belowskip_dim=\dimen281
\lTblrCellRowSpanInt=\count348
\lTblrCellColSpanInt=\count349
\l__tblr_cell_wd_dim=\dimen282
\l__tblr_cell_ht_dim=\dimen283
\lTblrCellAboveBorderWidthDim=\dimen284
\lTblrCellBelowBorderWidthDim=\dimen285
\lTblrCellLeftBorderWidthDim=\dimen286
\lTblrCellRightBorderWidthDim=\dimen287
\l__tblr_diag_box=\box81
\l__tblr_cell_inner_wd_dim=\dimen288
\l__tblr_cell_inner_dp_dim=\dimen289
\l__tblr_cell_hanchor_dim=\dimen290
\l__tblr_last_cell_table_ht_dim=\dimen291
\l__tblr_last_cell_table_dp_dim=\dimen292
\l__tblr_last_vline_wd_dim=\dimen293
\l__tblr_tikz_node_box=\box82
) (c:/Users/markt/AppData/Roaming/TinyTeX/texmf-dist/tex/latex/float/float.sty
Package: float 2001/11/08 v1.3d Float enhancements (AL)
\c@float@type=\count350
\float@exts=\toks20
\float@box=\box83
\@float@everytoks=\toks21
\@floatcapt=\box84
) (c:/Users/markt/AppData/Roaming/TinyTeX/texmf-dist/tex/latex/codehigh/codehigh.sty
Package: codehigh 2025-02-21 v2025C Highlight codes and demos with l3regex and lpeg
 (c:/Users/markt/AppData/Roaming/TinyTeX/texmf-dist/tex/generic/catchfile/catchfile.sty
Package: catchfile 2019/12/09 v1.8 Catch the contents of a file (HO)
 (c:/Users/markt/AppData/Roaming/TinyTeX/texmf-dist/tex/generic/etexcmds/etexcmds.sty
Package: etexcmds 2019/12/15 v1.7 Avoid name clashes with e-TeX commands (HO)
)) (c:/Users/markt/AppData/Roaming/TinyTeX/texmf-dist/tex/latex/varwidth/varwidth.sty
Package: varwidth 2009/03/30 ver 0.92;  Variable-width minipages
\@vwid@box=\box85
\sift@deathcycles=\count351
\@vwid@loff=\dimen294
\@vwid@roff=\dimen295
)
==> First Aid for varwidth.sty applied!
\l__cdhh_a_int=\count352
\l__cdhh_b_int=\count353
\l__cdhh_main_boxsep_dim=\dimen296
\g__cdhh_code_box=\box86
\g__cdhh_demo_box=\box87
\l__cdhh_latex_rule_count_int=\count354
\l__cdhh_latex/math_rule_count_int=\count355
\l__cdhh_latex/table_rule_count_int=\count356
\l__cdhh_latex/latex2_rule_count_int=\count357
\l__cdhh_latex/latex3_rule_count_int=\count358
\l__cdhh_item_count_int=\count359
) (c:/Users/markt/AppData/Roaming/TinyTeX/texmf-dist/tex/generic/ulem/ulem.sty
\UL@box=\box88
\UL@hyphenbox=\box89
\UL@skip=\skip52
\UL@hook=\toks22
\UL@height=\dimen297
\UL@pe=\count360
\UL@pixel=\dimen298
\ULC@box=\box90
Package: ulem 2019/11/18
\ULdepth=\dimen299
) (c:/Users/markt/AppData/Roaming/TinyTeX/texmf-dist/tex/latex/siunitx/siunitx.sty
Package: siunitx 2025-07-09 v3.4.14 A comprehensive (SI) units package
\l__siunitx_number_uncert_offset_int=\count361
\l__siunitx_number_exponent_fixed_int=\count362
\l__siunitx_number_min_decimal_int=\count363
\l__siunitx_number_min_integer_int=\count364
\l__siunitx_number_round_precision_int=\count365
\l__siunitx_number_lower_threshold_int=\count366
\l__siunitx_number_upper_threshold_int=\count367
\l__siunitx_number_group_first_int=\count368
\l__siunitx_number_group_size_int=\count369
\l__siunitx_number_group_minimum_int=\count370
\l__siunitx_angle_tmp_dim=\dimen300
\l__siunitx_angle_marker_box=\box91
\l__siunitx_angle_unit_box=\box92
\l__siunitx_compound_count_int=\count371
 (c:/Users/markt/AppData/Roaming/TinyTeX/texmf-dist/tex/latex/amsmath/amstext.sty
Package: amstext 2024/11/17 v2.01 AMS text
 (c:/Users/markt/AppData/Roaming/TinyTeX/texmf-dist/tex/latex/amsmath/amsgen.sty
File: amsgen.sty 1999/11/30 v2.0 generic functions
\@emptytoks=\toks23
\ex@=\dimen301
))
\l__siunitx_table_tmp_box=\box93
\l__siunitx_table_tmp_dim=\dimen302
\l__siunitx_table_column_width_dim=\dimen303
\l__siunitx_table_integer_box=\box94
\l__siunitx_table_decimal_box=\box95
\l__siunitx_table_uncert_box=\box96
\l__siunitx_table_before_box=\box97
\l__siunitx_table_after_box=\box98
\l__siunitx_table_before_dim=\dimen304
\l__siunitx_table_carry_dim=\dimen305
\l__siunitx_unit_tmp_int=\count372
\l__siunitx_unit_position_int=\count373
\l__siunitx_unit_total_int=\count374
 (c:/Users/markt/AppData/Roaming/TinyTeX/texmf-dist/tex/latex/tools/array.sty
Package: array 2025/09/25 v2.6n Tabular extension package (FMi)
\col@sep=\dimen306
\ar@mcellbox=\box99
\extrarowheight=\dimen307
\NC@list=\toks24
\extratabsurround=\skip53
\backup@length=\skip54
\ar@cellbox=\box100
)) (./Week_1.aux)
\openout1 = `Week_1.aux'.

LaTeX Font Info:    Checking defaults for OML/cmm/m/it on input line 26.
LaTeX Font Info:    ... okay on input line 26.
LaTeX Font Info:    Checking defaults for OMS/cmsy/m/n on input line 26.
LaTeX Font Info:    ... okay on input line 26.
LaTeX Font Info:    Checking defaults for OT1/cmr/m/n on input line 26.
LaTeX Font Info:    ... okay on input line 26.
LaTeX Font Info:    Checking defaults for T1/cmr/m/n on input line 26.
LaTeX Font Info:    ... okay on input line 26.
LaTeX Font Info:    Checking defaults for TS1/cmr/m/n on input line 26.
LaTeX Font Info:    ... okay on input line 26.
LaTeX Font Info:    Checking defaults for OMX/cmex/m/n on input line 26.
LaTeX Font Info:    ... okay on input line 26.
LaTeX Font Info:    Checking defaults for U/cmr/m/n on input line 26.
LaTeX Font Info:    ... okay on input line 26.
LaTeX Font Info:    Checking defaults for PD1/pdf/m/n on input line 26.
LaTeX Font Info:    ... okay on input line 26.
LaTeX Font Info:    Checking defaults for PU/pdf/m/n on input line 26.
LaTeX Font Info:    ... okay on input line 26.

*geometry* driver: auto-detecting
*geometry* detected driver: pdftex
*geometry* verbose mode - [ preamble ] result:
* driver: pdftex
* paper: <default>
* layout: <same size as paper>
* layoutoffset:(h,v)=(0.0pt,0.0pt)
* modes: 
* h-part:(L,W,R)=(72.26999pt, 469.75502pt, 72.26999pt)
* v-part:(T,H,B)=(72.26999pt, 650.43001pt, 72.26999pt)
* \paperwidth=614.295pt
* \paperheight=794.96999pt
* \textwidth=469.75502pt
* \textheight=650.43001pt
* \oddsidemargin=0.0pt
* \evensidemargin=0.0pt
* \topmargin=-37.0pt
* \headheight=12.0pt
* \headsep=25.0pt
* \topskip=12.0pt
* \footskip=30.0pt
* \marginparwidth=44.0pt
* \marginparsep=10.0pt
* \columnsep=10.0pt
* \skip\footins=10.8pt plus 4.0pt minus 2.0pt
* \hoffset=0.0pt
* \voffset=0.0pt
* \mag=1000
* \@twocolumnfalse
* \@twosidefalse
* \@mparswitchfalse
* \@reversemarginfalse
* (1in=72.27pt=25.4mm, 1cm=28.453pt)

(c:/Users/markt/AppData/Roaming/TinyTeX/texmf-dist/tex/latex/epstopdf-pkg/epstopdf-base.sty
Package: epstopdf-base 2020-01-24 v2.11 Base part for package epstopdf
Package epstopdf-base Info: Redefining graphics rule for `.eps' on input line 485.
 (c:/Users/markt/AppData/Roaming/TinyTeX/texmf-dist/tex/latex/latexconfig/epstopdf-sys.cfg
File: epstopdf-sys.cfg 2010/07/13 v1.3 Configuration of (r)epstopdf for TeX Live
))
\c@lstlisting=\count375
Package hyperref Info: Link coloring OFF on input line 26.
 (./Week_1.out) (./Week_1.out)
\@outlinefile=\write3
\openout3 = `Week_1.out'.

LaTeX Font Info:    External font `cmex10' loaded for size
(Font)              <14.4> on input line 28.
LaTeX Font Info:    External font `cmex10' loaded for size
(Font)              <7> on input line 28.
LaTeX Font Info:    External font `cmex10' loaded for size
(Font)              <12> on input line 37.
LaTeX Font Info:    External font `cmex10' loaded for size
(Font)              <8> on input line 37.
LaTeX Font Info:    External font `cmex10' loaded for size
(Font)              <6> on input line 37.
 (../analysis/output/tables//summary_stats.tex) [1

{c:/Users/markt/AppData/Roaming/TinyTeX/texmf-var/fonts/map/pdftex/updmap/pdftex.map}
pdfTeX warning (ext4): destination with the same identifier (name{table.1}) has been already used, duplicate ignored
<argument> ...shipout:D \box_use:N \l_shipout_box 
                                                  \__shipout_drop_firstpage_...
l.46 \clearpage
               ]
<../analysis/output/figures//price_histogram.pdf, id=38, 505.89pt x 361.35pt>
File: ../analysis/output/figures//price_histogram.pdf Graphic file (type pdf)
<use ../analysis/output/figures//price_histogram.pdf>
Package pdftex.def Info: ../analysis/output/figures//price_histogram.pdf  used on input line 54.
(pdftex.def)             Requested size: 328.82707pt x 234.88023pt.
<../analysis/output/figures//scatter_price_rev.pdf, id=39, 505.89pt x 361.35pt>
File: ../analysis/output/figures//scatter_price_rev.pdf Graphic file (type pdf)
<use ../analysis/output/figures//scatter_price_rev.pdf>
Package pdftex.def Info: ../analysis/output/figures//scatter_price_rev.pdf  used on input line 62.
(pdftex.def)             Requested size: 328.82707pt x 234.88023pt.
 [2


pdfTeX warning (ext4): destination with the same identifier (name{figure.1}) has been already used, duplicate ignored
<argument> ...shipout:D \box_use:N \l_shipout_box 
                                                  \__shipout_drop_firstpage_...
l.67 \clearpage
               
pdfTeX warning (ext4): destination with the same identifier (name{figure.2}) has been already used, duplicate ignored
<argument> ...shipout:D \box_use:N \l_shipout_box 
                                                  \__shipout_drop_firstpage_...
l.67 \clearpage
                <../analysis/output/figures//price_histogram.pdf> <../analysis/output/figures//scatter_price_rev.pdf>]
<../analysis/output/figures//neigh_plot.pdf, id=59, 794.97pt x 578.16pt>
File: ../analysis/output/figures//neigh_plot.pdf Graphic file (type pdf)
<use ../analysis/output/figures//neigh_plot.pdf>
Package pdftex.def Info: ../analysis/output/figures//neigh_plot.pdf  used on input line 75.
(pdftex.def)             Requested size: 469.75502pt x 341.64958pt.
 [3


pdfTeX warning (ext4): destination with the same identifier (name{figure.3}) has been already used, duplicate ignored
<argument> ...shipout:D \box_use:N \l_shipout_box 
                                                  \__shipout_drop_firstpage_...
l.80 \clearpage
                <../analysis/output/figures//neigh_plot.pdf>]
<../analysis/output/figures//scatter_price_acc.pdf, id=75, 361.35pt x 216.81pt>
File: ../analysis/output/figures//scatter_price_acc.pdf Graphic file (type pdf)
<use ../analysis/output/figures//scatter_price_acc.pdf>
Package pdftex.def Info: ../analysis/output/figures//scatter_price_acc.pdf  used on input line 90.
(pdftex.def)             Requested size: 469.75502pt x 281.85626pt.
 [4


pdfTeX warning (ext4): destination with the same identifier (name{figure.4}) has been already used, duplicate ignored
<argument> ...shipout:D \box_use:N \l_shipout_box 
                                                  \__shipout_drop_firstpage_...
l.95 \clearpage
                <../analysis/output/figures//scatter_price_acc.pdf>] (../analysis/output/tables//models_3.tex)
<../analysis/output/figures//scatter_models.pdf, id=92, 505.89pt x 361.35pt>
File: ../analysis/output/figures//scatter_models.pdf Graphic file (type pdf)
<use ../analysis/output/figures//scatter_models.pdf>
Package pdftex.def Info: ../analysis/output/figures//scatter_models.pdf  used on input line 105.
(pdftex.def)             Requested size: 281.85587pt x 201.32906pt.
 [5


pdfTeX warning (ext4): destination with the same identifier (name{figure.5}) has been already used, duplicate ignored
<argument> ...shipout:D \box_use:N \l_shipout_box 
                                                  \__shipout_drop_firstpage_...
l.111 
       <../analysis/output/figures//scatter_models.pdf>] [6] (./Week_1.aux)
 ***********
LaTeX2e <2025-11-01>
L3 programming layer <2026-01-19>
 ***********
Package rerunfilecheck Info: File `Week_1.out' has not changed.
(rerunfilecheck)             Checksum: 4F4DE9DA2A79A4701CFF7878018B8095;1056.
 ) 
Here is how much of TeX's memory you used:
 17481 strings out of 469515
 356879 string characters out of 5467663
 762188 words of memory out of 5000000
 45960 multiletter control sequences out of 15000+600000
 632681 words of font info for 57 fonts, out of 8000000 for 9000
 14 hyphenation exceptions out of 8191
 88i,10n,111p,412b,1217s stack positions out of 10000i,1000n,20000p,200000b,200000s
<c:/Users/markt/AppData/Roaming/TinyTeX/texmf-dist/fonts/type1/public/amsfonts/cm/cmbx12.pfb><c:/Users/markt/AppData/Roaming/TinyTeX/texmf-dist/fonts/type1/public/amsfonts/cm/cmmi12.pfb><c:/Users/markt/AppData/Roaming/TinyTeX/texmf-dist/fonts/type1/public/amsfonts/cm/cmr12.pfb><c:/Users/markt/AppData/Roaming/TinyTeX/texmf-dist/fonts/type1/public/amsfonts/cm/cmr17.pfb><c:/Users/markt/AppData/Roaming/TinyTeX/texmf-dist/fonts/type1/public/amsfonts/cm/cmr8.pfb><c:/Users/markt/AppData/Roaming/TinyTeX/texmf-dist/fonts/type1/public/amsfonts/cm/cmsy10.pfb>
Output written on Week_1.pdf (6 pages, 962777 bytes).
PDF statistics:
 149 PDF objects out of 1000 (max. 8388607)
 117 compressed objects within 2 object streams
 20 named destinations out of 1000 (max. 500000)
 66 words of extra memory for PDF output out of 10000 (max. 10000000)

